<?xml version="1.0" encoding="UTF-8"?>
<testng-results ignored="0" total="1" passed="1" failed="0" skipped="0">
  <reporter-output>
  </reporter-output>
  <suite started-at="2024-06-06T15:14:36 IST" name="Default suite" finished-at="2024-06-06T15:15:09 IST" duration-ms="33332">
    <groups>
    </groups>
    <test started-at="2024-06-06T15:14:36 IST" name="Default test" finished-at="2024-06-06T15:15:09 IST" duration-ms="33332">
      <class name="testCases.TC_002_Login">
        <test-method is-config="true" signature="setUp()[pri:0, instance:testCases.TC_002_Login@33065d67]" started-at="2024-06-06T15:14:25 IST" name="setUp" finished-at="2024-06-06T15:14:36 IST" duration-ms="10633" status="PASS">
          <reporter-output>
          </reporter-output>
        </test-method> <!-- setUp -->
        <test-method signature="account_Login()[pri:0, instance:testCases.TC_002_Login@33065d67]" started-at="2024-06-06T15:14:36 IST" name="account_Login" finished-at="2024-06-06T15:15:09 IST" duration-ms="33177" status="PASS">
          <reporter-output>
          </reporter-output>
        </test-method> <!-- account_Login -->
      </class> <!-- testCases.TC_002_Login -->
    </test> <!-- Default test -->
  </suite> <!-- Default suite -->
</testng-results>
